{"/Users/sarabjeetsingh/Desktop/ReactNativeCourse.nosync/Expo-WeatherWatch/App.tsx": {"path":"/Users/sarabjeetsingh/Desktop/ReactNativeCourse.nosync/Expo-WeatherWatch/App.tsx","statementMap":{"0":{"start":{"line":13,"column":15},"end":{"line":35,"column":2}},"1":{"start":{"line":37,"column":12},"end":{"line":74,"column":1}},"2":{"start":{"line":38,"column":34},"end":{"line":38,"column":51}},"3":{"start":{"line":39,"column":46},"end":{"line":39,"column":58}},"4":{"start":{"line":40,"column":36},"end":{"line":40,"column":55}},"5":{"start":{"line":43,"column":23},"end":{"line":46,"column":3}},"6":{"start":{"line":44,"column":4},"end":{"line":44,"column":28}},"7":{"start":{"line":45,"column":4},"end":{"line":45,"column":40}},"8":{"start":{"line":49,"column":31},"end":{"line":53,"column":3}},"9":{"start":{"line":50,"column":4},"end":{"line":50,"column":26}},"10":{"start":{"line":51,"column":4},"end":{"line":51,"column":26}},"11":{"start":{"line":52,"column":4},"end":{"line":52,"column":21}},"12":{"start":{"line":55,"column":2},"end":{"line":73,"column":4}}},"fnMap":{"0":{"name":"(anonymous_0)","decl":{"start":{"line":37,"column":12},"end":{"line":37,"column":13}},"loc":{"start":{"line":37,"column":18},"end":{"line":74,"column":1}},"line":37},"1":{"name":"(anonymous_1)","decl":{"start":{"line":43,"column":23},"end":{"line":43,"column":24}},"loc":{"start":{"line":43,"column":41},"end":{"line":46,"column":3}},"line":43},"2":{"name":"(anonymous_2)","decl":{"start":{"line":49,"column":31},"end":{"line":49,"column":32}},"loc":{"start":{"line":49,"column":45},"end":{"line":53,"column":3}},"line":49}},"branchMap":{"0":{"loc":{"start":{"line":33,"column":15},"end":{"line":33,"column":46}},"type":"binary-expr","locations":[{"start":{"line":33,"column":15},"end":{"line":33,"column":40}},{"start":{"line":33,"column":44},"end":{"line":33,"column":46}}],"line":33}},"s":{"0":0,"1":0,"2":0,"3":0,"4":0,"5":0,"6":0,"7":0,"8":0,"9":0,"10":0,"11":0,"12":0},"f":{"0":0,"1":0,"2":0},"b":{"0":[0,0]}}
,"/Users/sarabjeetsingh/Desktop/ReactNativeCourse.nosync/Expo-WeatherWatch/src/components/SearchCitySection.tsx": {"path":"/Users/sarabjeetsingh/Desktop/ReactNativeCourse.nosync/Expo-WeatherWatch/src/components/SearchCitySection.tsx","statementMap":{"0":{"start":{"line":5,"column":59},"end":{"line":5,"column":70}},"1":{"start":{"line":6,"column":2},"end":{"line":30,"column":4}},"2":{"start":{"line":11,"column":31},"end":{"line":11,"column":61}},"3":{"start":{"line":12,"column":12},"end":{"line":25,"column":14}},"4":{"start":{"line":15,"column":31},"end":{"line":15,"column":50}},"5":{"start":{"line":33,"column":15},"end":{"line":63,"column":2}}},"fnMap":{"0":{"name":"SearchCitySection","decl":{"start":{"line":4,"column":24},"end":{"line":4,"column":41}},"loc":{"start":{"line":4,"column":54},"end":{"line":31,"column":1}},"line":4},"1":{"name":"(anonymous_1)","decl":{"start":{"line":10,"column":25},"end":{"line":10,"column":26}},"loc":{"start":{"line":10,"column":41},"end":{"line":26,"column":11}},"line":10},"2":{"name":"(anonymous_2)","decl":{"start":{"line":15,"column":25},"end":{"line":15,"column":26}},"loc":{"start":{"line":15,"column":31},"end":{"line":15,"column":50}},"line":15}},"branchMap":{"0":{"loc":{"start":{"line":5,"column":37},"end":{"line":5,"column":54}},"type":"default-arg","locations":[{"start":{"line":5,"column":50},"end":{"line":5,"column":54}}],"line":5},"1":{"loc":{"start":{"line":5,"column":59},"end":{"line":5,"column":70}},"type":"binary-expr","locations":[{"start":{"line":5,"column":59},"end":{"line":5,"column":64}},{"start":{"line":5,"column":68},"end":{"line":5,"column":70}}],"line":5},"2":{"loc":{"start":{"line":8,"column":7},"end":{"line":28,"column":7}},"type":"binary-expr","locations":[{"start":{"line":8,"column":7},"end":{"line":8,"column":28}},{"start":{"line":8,"column":32},"end":{"line":8,"column":42}},{"start":{"line":9,"column":8},"end":{"line":27,"column":21}}],"line":8},"3":{"loc":{"start":{"line":18,"column":18},"end":{"line":18,"column":51}},"type":"binary-expr","locations":[{"start":{"line":18,"column":18},"end":{"line":18,"column":28}},{"start":{"line":18,"column":32},"end":{"line":18,"column":51}}],"line":18},"4":{"loc":{"start":{"line":39,"column":9},"end":{"line":39,"column":50}},"type":"cond-expr","locations":[{"start":{"line":39,"column":37},"end":{"line":39,"column":42}},{"start":{"line":39,"column":45},"end":{"line":39,"column":50}}],"line":39}},"s":{"0":0,"1":0,"2":0,"3":0,"4":0,"5":0},"f":{"0":0,"1":0,"2":0},"b":{"0":[0],"1":[0,0],"2":[0,0,0],"3":[0,0],"4":[0,0]}}
,"/Users/sarabjeetsingh/Desktop/ReactNativeCourse.nosync/Expo-WeatherWatch/src/components/WeatherInfo.tsx": {"path":"/Users/sarabjeetsingh/Desktop/ReactNativeCourse.nosync/Expo-WeatherWatch/src/components/WeatherInfo.tsx","statementMap":{"0":{"start":{"line":10,"column":48},"end":{"line":46,"column":1}},"1":{"start":{"line":11,"column":42},"end":{"line":11,"column":62}},"2":{"start":{"line":13,"column":2},"end":{"line":15,"column":3}},"3":{"start":{"line":14,"column":4},"end":{"line":14,"column":46}},"4":{"start":{"line":17,"column":2},"end":{"line":19,"column":3}},"5":{"start":{"line":18,"column":4},"end":{"line":18,"column":39}},"6":{"start":{"line":21,"column":2},"end":{"line":23,"column":3}},"7":{"start":{"line":22,"column":4},"end":{"line":22,"column":51}},"8":{"start":{"line":25,"column":37},"end":{"line":25,"column":48}},"9":{"start":{"line":26,"column":22},"end":{"line":28,"column":3}},"10":{"start":{"line":29,"column":23},"end":{"line":29,"column":67}},"11":{"start":{"line":31,"column":2},"end":{"line":45,"column":4}},"12":{"start":{"line":42,"column":8},"end":{"line":42,"column":71}}},"fnMap":{"0":{"name":"(anonymous_0)","decl":{"start":{"line":10,"column":48},"end":{"line":10,"column":49}},"loc":{"start":{"line":10,"column":66},"end":{"line":46,"column":1}},"line":10},"1":{"name":"(anonymous_1)","decl":{"start":{"line":41,"column":38},"end":{"line":41,"column":39}},"loc":{"start":{"line":42,"column":8},"end":{"line":42,"column":71}},"line":42}},"branchMap":{"0":{"loc":{"start":{"line":13,"column":2},"end":{"line":15,"column":3}},"type":"if","locations":[{"start":{"line":13,"column":2},"end":{"line":15,"column":3}},{"start":{},"end":{}}],"line":13},"1":{"loc":{"start":{"line":17,"column":2},"end":{"line":19,"column":3}},"type":"if","locations":[{"start":{"line":17,"column":2},"end":{"line":19,"column":3}},{"start":{},"end":{}}],"line":17},"2":{"loc":{"start":{"line":21,"column":2},"end":{"line":23,"column":3}},"type":"if","locations":[{"start":{"line":21,"column":2},"end":{"line":23,"column":3}},{"start":{},"end":{}}],"line":21}},"s":{"0":0,"1":0,"2":0,"3":0,"4":0,"5":0,"6":0,"7":0,"8":0,"9":0,"10":0,"11":0,"12":0},"f":{"0":0,"1":0},"b":{"0":[0,0],"1":[0,0],"2":[0,0]}}
,"/Users/sarabjeetsingh/Desktop/ReactNativeCourse.nosync/Expo-WeatherWatch/src/helpers/getWeatherImage.ts": {"path":"/Users/sarabjeetsingh/Desktop/ReactNativeCourse.nosync/Expo-WeatherWatch/src/helpers/getWeatherImage.ts","statementMap":{"0":{"start":{"line":39,"column":49},"end":{"line":320,"column":1}},"1":{"start":{"line":333,"column":2},"end":{"line":333,"column":38}}},"fnMap":{"0":{"name":"getWeatherImage","decl":{"start":{"line":331,"column":9},"end":{"line":331,"column":24}},"loc":{"start":{"line":331,"column":51},"end":{"line":334,"column":1}},"line":331}},"branchMap":{},"s":{"0":0,"1":0},"f":{"0":0},"b":{}}
,"/Users/sarabjeetsingh/Desktop/ReactNativeCourse.nosync/Expo-WeatherWatch/src/hooks/useWeather.ts": {"path":"/Users/sarabjeetsingh/Desktop/ReactNativeCourse.nosync/Expo-WeatherWatch/src/hooks/useWeather.ts","statementMap":{"0":{"start":{"line":4,"column":26},"end":{"line":28,"column":1}},"1":{"start":{"line":6,"column":40},"end":{"line":6,"column":59}},"2":{"start":{"line":7,"column":32},"end":{"line":7,"column":46}},"3":{"start":{"line":8,"column":28},"end":{"line":8,"column":57}},"4":{"start":{"line":10,"column":2},"end":{"line":25,"column":17}},"5":{"start":{"line":11,"column":25},"end":{"line":22,"column":5}},"6":{"start":{"line":12,"column":6},"end":{"line":21,"column":7}},"7":{"start":{"line":13,"column":26},"end":{"line":13,"column":56}},"8":{"start":{"line":14,"column":40},"end":{"line":14,"column":52}},"9":{"start":{"line":15,"column":24},"end":{"line":15,"column":69}},"10":{"start":{"line":16,"column":8},"end":{"line":16,"column":32}},"11":{"start":{"line":18,"column":8},"end":{"line":18,"column":30}},"12":{"start":{"line":20,"column":8},"end":{"line":20,"column":26}},"13":{"start":{"line":24,"column":4},"end":{"line":24,"column":19}},"14":{"start":{"line":27,"column":2},"end":{"line":27,"column":41}}},"fnMap":{"0":{"name":"(anonymous_0)","decl":{"start":{"line":4,"column":26},"end":{"line":4,"column":27}},"loc":{"start":{"line":4,"column":48},"end":{"line":28,"column":1}},"line":4},"1":{"name":"(anonymous_1)","decl":{"start":{"line":10,"column":12},"end":{"line":10,"column":13}},"loc":{"start":{"line":10,"column":18},"end":{"line":25,"column":3}},"line":10},"2":{"name":"(anonymous_2)","decl":{"start":{"line":11,"column":25},"end":{"line":11,"column":26}},"loc":{"start":{"line":11,"column":37},"end":{"line":22,"column":5}},"line":11}},"branchMap":{},"s":{"0":1,"1":6,"2":6,"3":6,"4":6,"5":2,"6":2,"7":2,"8":1,"9":1,"10":1,"11":1,"12":2,"13":2,"14":6},"f":{"0":6,"1":2,"2":2},"b":{},"_coverageSchema":"1a1c01bbd47fc00a2c39e90264f33305004495a9","hash":"e0647b9ecaf0d1307a092aa5b729e03dd881b127"}
,"/Users/sarabjeetsingh/Desktop/ReactNativeCourse.nosync/Expo-WeatherWatch/src/services/AxiosRequest.tsx": {"path":"/Users/sarabjeetsingh/Desktop/ReactNativeCourse.nosync/Expo-WeatherWatch/src/services/AxiosRequest.tsx","statementMap":{"0":{"start":{"line":3,"column":21},"end":{"line":5,"column":2}},"1":{"start":{"line":7,"column":0},"end":{"line":19,"column":2}},"2":{"start":{"line":9,"column":4},"end":{"line":9,"column":46}},"3":{"start":{"line":11,"column":4},"end":{"line":13,"column":5}},"4":{"start":{"line":12,"column":6},"end":{"line":12,"column":59}},"5":{"start":{"line":14,"column":4},"end":{"line":14,"column":19}},"6":{"start":{"line":17,"column":4},"end":{"line":17,"column":33}},"7":{"start":{"line":21,"column":0},"end":{"line":31,"column":2}},"8":{"start":{"line":23,"column":4},"end":{"line":23,"column":20}},"9":{"start":{"line":26,"column":4},"end":{"line":28,"column":5}},"10":{"start":{"line":29,"column":4},"end":{"line":29,"column":33}}},"fnMap":{"0":{"name":"(anonymous_0)","decl":{"start":{"line":8,"column":2},"end":{"line":8,"column":3}},"loc":{"start":{"line":8,"column":81},"end":{"line":15,"column":3}},"line":8},"1":{"name":"(anonymous_1)","decl":{"start":{"line":16,"column":2},"end":{"line":16,"column":3}},"loc":{"start":{"line":16,"column":46},"end":{"line":18,"column":3}},"line":16},"2":{"name":"(anonymous_2)","decl":{"start":{"line":22,"column":2},"end":{"line":22,"column":3}},"loc":{"start":{"line":22,"column":56},"end":{"line":24,"column":3}},"line":22},"3":{"name":"(anonymous_3)","decl":{"start":{"line":25,"column":2},"end":{"line":25,"column":3}},"loc":{"start":{"line":25,"column":52},"end":{"line":30,"column":3}},"line":25}},"branchMap":{"0":{"loc":{"start":{"line":11,"column":4},"end":{"line":13,"column":5}},"type":"if","locations":[{"start":{"line":11,"column":4},"end":{"line":13,"column":5}},{"start":{},"end":{}}],"line":11},"1":{"loc":{"start":{"line":26,"column":4},"end":{"line":28,"column":5}},"type":"if","locations":[{"start":{"line":26,"column":4},"end":{"line":28,"column":5}},{"start":{},"end":{}}],"line":26}},"s":{"0":1,"1":1,"2":0,"3":0,"4":0,"5":0,"6":0,"7":1,"8":0,"9":0,"10":0},"f":{"0":0,"1":0,"2":0,"3":0},"b":{"0":[0,0],"1":[0,0]},"_coverageSchema":"1a1c01bbd47fc00a2c39e90264f33305004495a9","hash":"8b57f7300243a4cfef506fea988b239248bd3795"}
,"/Users/sarabjeetsingh/Desktop/ReactNativeCourse.nosync/Expo-WeatherWatch/src/services/services.tsx": {"path":"/Users/sarabjeetsingh/Desktop/ReactNativeCourse.nosync/Expo-WeatherWatch/src/services/services.tsx","statementMap":{"0":{"start":{"line":3,"column":24},"end":{"line":3,"column":64}},"1":{"start":{"line":4,"column":20},"end":{"line":4,"column":68}},"2":{"start":{"line":6,"column":30},"end":{"line":20,"column":1}},"3":{"start":{"line":7,"column":2},"end":{"line":19,"column":3}},"4":{"start":{"line":8,"column":21},"end":{"line":10,"column":6}},"5":{"start":{"line":12,"column":4},"end":{"line":14,"column":5}},"6":{"start":{"line":13,"column":6},"end":{"line":13,"column":35}},"7":{"start":{"line":16,"column":4},"end":{"line":16,"column":42}},"8":{"start":{"line":18,"column":4},"end":{"line":18,"column":16}},"9":{"start":{"line":22,"column":34},"end":{"line":40,"column":1}},"10":{"start":{"line":26,"column":2},"end":{"line":39,"column":3}},"11":{"start":{"line":27,"column":21},"end":{"line":35,"column":6}},"12":{"start":{"line":36,"column":4},"end":{"line":36,"column":25}},"13":{"start":{"line":38,"column":4},"end":{"line":38,"column":16}}},"fnMap":{"0":{"name":"(anonymous_0)","decl":{"start":{"line":6,"column":30},"end":{"line":6,"column":31}},"loc":{"start":{"line":6,"column":58},"end":{"line":20,"column":1}},"line":6},"1":{"name":"(anonymous_1)","decl":{"start":{"line":22,"column":34},"end":{"line":22,"column":35}},"loc":{"start":{"line":25,"column":5},"end":{"line":40,"column":1}},"line":25}},"branchMap":{"0":{"loc":{"start":{"line":12,"column":4},"end":{"line":14,"column":5}},"type":"if","locations":[{"start":{"line":12,"column":4},"end":{"line":14,"column":5}},{"start":{},"end":{}}],"line":12},"1":{"loc":{"start":{"line":12,"column":8},"end":{"line":12,"column":65}},"type":"binary-expr","locations":[{"start":{"line":12,"column":8},"end":{"line":12,"column":29}},{"start":{"line":12,"column":33},"end":{"line":12,"column":65}}],"line":12}},"s":{"0":1,"1":1,"2":1,"3":0,"4":0,"5":0,"6":0,"7":0,"8":0,"9":1,"10":0,"11":0,"12":0,"13":0},"f":{"0":0,"1":0},"b":{"0":[0,0],"1":[0,0]},"_coverageSchema":"1a1c01bbd47fc00a2c39e90264f33305004495a9","hash":"f289557c91bfac00d2b539e985ba48368cebe875"}
,"/Users/sarabjeetsingh/Desktop/ReactNativeCourse.nosync/Expo-WeatherWatch/src/utils/logic.tsx": {"path":"/Users/sarabjeetsingh/Desktop/ReactNativeCourse.nosync/Expo-WeatherWatch/src/utils/logic.tsx","statementMap":{"0":{"start":{"line":5,"column":33},"end":{"line":20,"column":1}},"1":{"start":{"line":9,"column":2},"end":{"line":19,"column":3}},"2":{"start":{"line":10,"column":17},"end":{"line":10,"column":45}},"3":{"start":{"line":11,"column":4},"end":{"line":11,"column":23}},"4":{"start":{"line":13,"column":4},"end":{"line":15,"column":5}},"5":{"start":{"line":14,"column":6},"end":{"line":14,"column":39}},"6":{"start":{"line":17,"column":4},"end":{"line":17,"column":56}},"7":{"start":{"line":18,"column":4},"end":{"line":18,"column":43}},"8":{"start":{"line":23,"column":31},"end":{"line":32,"column":1}},"9":{"start":{"line":27,"column":2},"end":{"line":31,"column":12}},"10":{"start":{"line":28,"column":4},"end":{"line":30,"column":5}},"11":{"start":{"line":29,"column":6},"end":{"line":29,"column":52}}},"fnMap":{"0":{"name":"(anonymous_0)","decl":{"start":{"line":5,"column":33},"end":{"line":5,"column":34}},"loc":{"start":{"line":8,"column":5},"end":{"line":20,"column":1}},"line":8},"1":{"name":"(anonymous_1)","decl":{"start":{"line":23,"column":31},"end":{"line":23,"column":32}},"loc":{"start":{"line":26,"column":5},"end":{"line":32,"column":1}},"line":26},"2":{"name":"(anonymous_2)","decl":{"start":{"line":27,"column":11},"end":{"line":27,"column":12}},"loc":{"start":{"line":27,"column":23},"end":{"line":31,"column":3}},"line":27}},"branchMap":{"0":{"loc":{"start":{"line":13,"column":4},"end":{"line":15,"column":5}},"type":"if","locations":[{"start":{"line":13,"column":4},"end":{"line":15,"column":5}},{"start":{},"end":{}}],"line":13},"1":{"loc":{"start":{"line":28,"column":4},"end":{"line":30,"column":5}},"type":"if","locations":[{"start":{"line":28,"column":4},"end":{"line":30,"column":5}},{"start":{},"end":{}}],"line":28}},"s":{"0":0,"1":0,"2":0,"3":0,"4":0,"5":0,"6":0,"7":0,"8":0,"9":0,"10":0,"11":0},"f":{"0":0,"1":0,"2":0},"b":{"0":[0,0],"1":[0,0]}}
}
